<?xml version="1.0" encoding="utf-8"?><testsuites name="pytest tests"><testsuite name="pytest" errors="0" failures="0" skipped="0" tests="3" time="0.560" timestamp="2026-05-15T02:54:18.085780+00:00" hostname="agent-env-37a81e23-fdb0-4454-b825-c31537ba3a89"><testcase classname="backend.tests.test_health" name="test_root_returns_service_meta" time="0.164" /><testcase classname="backend.tests.test_health" name="test_health_endpoint" time="0.142" /><testcase classname="backend.tests.test_health" name="test_unknown_api_route_404" time="0.109" /></testsuite></testsuites>